# Log file for application events and errors
# This file is intentionally left blank.2025-08-24 01:14:01,387 - INFO - Zero-shot intent classifier loaded successfully.
2025-08-24 01:31:37,981 - INFO - Zero-shot intent classifier loaded successfully.
2025-08-24 01:32:32,823 - INFO - Zero-shot intent classifier loaded successfully.
2025-08-24 01:32:47,260 - INFO - Zero-shot intent classifier loaded successfully.
2025-08-24 01:32:59,569 - INFO - Zero-shot intent classifier loaded successfully.
2025-08-24 01:33:19,902 - INFO - Zero-shot intent classifier loaded successfully.
2025-08-24 01:34:09,432 - INFO - Zero-shot intent classifier loaded successfully.
2025-08-24 01:35:30,025 - INFO - Zero-shot intent classifier loaded successfully.
2025-08-24 01:38:21,604 - INFO - Zero-shot intent classifier loaded successfully.
2025-08-24 01:39:32,543 - INFO - Zero-shot intent classifier loaded successfully.
2025-08-24 01:40:57,545 - INFO - Zero-shot intent classifier loaded successfully.
2025-08-24 01:43:34,062 - INFO - Summarizer model loaded successfully.
2025-08-24 01:51:03,736 - INFO - Zero-shot intent classifier loaded successfully.
2025-08-24 01:51:08,477 - INFO - Summarizer model loaded successfully.
2025-08-24 01:52:32,101 - INFO - Zero-shot intent classifier loaded successfully.
2025-08-24 01:52:37,297 - INFO - Summarizer model loaded successfully.
2025-08-24 01:53:48,503 - INFO - Zero-shot intent classifier loaded successfully.
2025-08-24 01:53:53,377 - INFO - Summarizer model loaded successfully.
2025-08-24 01:54:04,101 - INFO - Zero-shot intent classifier loaded successfully.
2025-08-24 01:54:12,745 - INFO - Zero-shot intent classifier loaded successfully.
2025-08-24 01:54:16,644 - INFO - Summarizer model loaded successfully.
2025-08-24 01:54:46,905 - INFO - Zero-shot intent classifier loaded successfully.
2025-08-24 01:54:51,326 - INFO - Summarizer model loaded successfully.
2025-08-24 01:56:37,587 - INFO - Zero-shot intent classifier loaded successfully.
2025-08-24 01:56:41,945 - INFO - Summarizer model loaded successfully.
2025-08-24 01:56:46,322 - INFO - Intent classified as Other with confidence 0.17
2025-08-24 01:58:42,905 - INFO - Processing transcript: There is a water pipeline broken near Rajiv Chowk ...
2025-08-24 01:58:44,672 - INFO - Detected language=en
2025-08-24 01:58:47,009 - INFO - Intent classified as Water Supply with confidence 0.75
2025-08-24 01:58:47,009 - INFO - Intent=Water Supply conf=0.745246410369873
2025-08-24 01:58:47,113 - INFO - Extracted slots={'department': 'Water Department', 'location': None, 'severity': 'High', 'name': None, 'date': '2025-08-24', 'missing_fields': ['location', 'name'], 'complaint_id': None}
2025-08-24 01:58:50,311 - ERROR - DB insert failed: bad auth : authentication failed, full error: {'ok': 0, 'errmsg': 'bad auth : authentication failed', 'code': 8000, 'codeName': 'AtlasError'}
2025-08-24 02:07:54,574 - INFO - Zero-shot intent classifier loaded successfully.
2025-08-24 02:08:00,301 - INFO - Summarizer model loaded successfully.
2025-08-24 02:08:18,015 - INFO - Processing transcript: There is a water pipeline broken near Rajiv Chowk ...
2025-08-24 02:08:18,384 - INFO - Detected language=en
2025-08-24 02:08:21,659 - INFO - Intent classified as Water Supply with confidence 0.75
2025-08-24 02:08:21,659 - INFO - Intent=Water Supply conf=0.745246410369873
2025-08-24 02:08:21,681 - INFO - Extracted slots={'department': 'Water Department', 'location': None, 'severity': 'High', 'name': None, 'date': '2025-08-24', 'missing_fields': ['location', 'name'], 'complaint_id': None}
2025-08-24 02:08:25,458 - ERROR - DB insert failed: bad auth : authentication failed, full error: {'ok': 0, 'errmsg': 'bad auth : authentication failed', 'code': 8000, 'codeName': 'AtlasError'}
2025-08-24 02:38:11,189 - INFO - Zero-shot intent classifier loaded successfully.
2025-08-24 02:38:16,438 - INFO - Summarizer model loaded successfully.
2025-08-24 02:39:10,903 - INFO - Zero-shot intent classifier loaded successfully.
2025-08-24 02:39:16,106 - INFO - Summarizer model loaded successfully.
2025-08-24 02:39:38,796 - INFO - Processing transcript: There is a water pipeline broken near Rajiv Chowk ...
2025-08-24 02:39:39,182 - INFO - Detected language=en
2025-08-24 02:39:42,903 - INFO - Intent classified as Water Supply with confidence 0.75
2025-08-24 02:39:42,903 - INFO - Intent=Water Supply conf=0.745246410369873
2025-08-24 02:39:42,945 - INFO - Extracted slots={'department': 'Water Department', 'location': None, 'severity': 'High', 'name': None, 'date': '2025-08-24', 'missing_fields': ['location', 'name'], 'complaint_id': None}
2025-08-24 02:39:45,357 - ERROR - DB insert failed: bad auth : authentication failed, full error: {'ok': 0, 'errmsg': 'bad auth : authentication failed', 'code': 8000, 'codeName': 'AtlasError'}
2025-08-24 02:44:11,397 - INFO - Zero-shot intent classifier loaded successfully.
2025-08-24 02:44:16,720 - INFO - Summarizer model loaded successfully.
2025-08-24 02:45:28,154 - INFO - Processing transcript: There is a water pipeline broken near Rajiv Chowk ...
2025-08-24 02:45:28,629 - INFO - Detected language=en
2025-08-24 02:45:34,744 - INFO - Intent classified as Water Supply with confidence 0.75
2025-08-24 02:45:34,744 - INFO - Intent=Water Supply conf=0.745246410369873
2025-08-24 02:45:34,817 - INFO - Extracted slots={'department': 'Water Department', 'location': None, 'severity': 'High', 'name': None, 'date': '2025-08-24', 'missing_fields': ['location', 'name'], 'complaint_id': None}
2025-08-24 02:45:37,537 - ERROR - DB insert failed: bad auth : authentication failed, full error: {'ok': 0, 'errmsg': 'bad auth : authentication failed', 'code': 8000, 'codeName': 'AtlasError'}
2025-08-24 03:13:46,050 - INFO - Zero-shot intent classifier loaded successfully.
2025-08-24 03:13:54,328 - INFO - Summarizer model loaded successfully.
2025-08-24 03:14:41,265 - INFO - Zero-shot intent classifier loaded successfully.
2025-08-24 03:14:55,560 - INFO - Zero-shot intent classifier loaded successfully.
2025-08-24 03:15:00,197 - INFO - Summarizer model loaded successfully.
2025-08-24 03:15:21,548 - INFO - Processing transcript: There is a water pipeline broken near Rajiv Chowk ...
2025-08-24 03:15:21,935 - INFO - Detected language=en
2025-08-24 03:15:25,640 - INFO - Intent classified as Water Supply with confidence 0.75
2025-08-24 03:15:25,640 - INFO - Intent=Water Supply conf=0.745246410369873
2025-08-24 03:15:25,680 - INFO - Extracted slots={'department': 'Water Department', 'location': None, 'severity': 'High', 'name': None, 'date': '2025-08-24', 'missing_fields': ['location', 'name'], 'complaint_id': None}
2025-08-24 03:15:28,284 - ERROR - DB insert failed: bad auth : authentication failed, full error: {'ok': 0, 'errmsg': 'bad auth : authentication failed', 'code': 8000, 'codeName': 'AtlasError'}
2025-08-24 03:17:07,928 - INFO - Zero-shot intent classifier loaded successfully.
2025-08-24 03:17:13,203 - INFO - Summarizer model loaded successfully.
2025-08-24 03:17:37,548 - INFO - Processing transcript: There is a water pipeline broken near Rajiv Chowk ...
2025-08-24 03:17:37,988 - INFO - Detected language=en
2025-08-24 03:17:41,319 - INFO - Intent classified as Water Supply with confidence 0.75
2025-08-24 03:17:41,320 - INFO - Intent=Water Supply conf=0.745246410369873
2025-08-24 03:17:41,351 - INFO - Extracted slots -> dept: Water Department, location: None, severity: High, name: None, date: 2025-08-24, complaint_id: None, missing: ['location', 'name']
2025-08-24 03:17:41,351 - INFO - Extracted slots={'department': 'Water Department', 'location': None, 'severity': 'High', 'name': None, 'date': '2025-08-24', 'missing_fields': ['location', 'name'], 'complaint_id': None}
2025-08-24 03:17:43,831 - ERROR - DB insert failed: bad auth : authentication failed, full error: {'ok': 0, 'errmsg': 'bad auth : authentication failed', 'code': 8000, 'codeName': 'AtlasError'}
2025-08-24 03:22:25,116 - INFO - Zero-shot intent classifier loaded successfully.
2025-08-24 03:22:30,492 - INFO - Summarizer model loaded successfully.
2025-08-24 03:25:38,885 - INFO - Zero-shot intent classifier loaded successfully.
2025-08-24 03:25:43,566 - INFO - Summarizer model loaded successfully.
2025-08-24 04:04:13,861 - INFO - Zero-shot intent classifier loaded successfully.
2025-08-24 04:04:19,048 - INFO - Summarizer model loaded successfully.
2025-08-24 04:04:34,593 - INFO - Zero-shot intent classifier loaded successfully.
2025-08-24 04:04:39,666 - INFO - Summarizer model loaded successfully.
2025-08-24 04:05:36,137 - INFO - Zero-shot intent classifier loaded successfully.
2025-08-24 04:05:41,395 - INFO - Summarizer model loaded successfully.
2025-08-24 04:08:24,052 - INFO - Processing transcript: There is a water pipeline broken near Rajiv Chowk ...
2025-08-24 04:08:24,472 - INFO - Detected language=en
2025-08-24 04:08:27,989 - INFO - Intent classified as Water Supply with confidence 0.75
2025-08-24 04:08:27,990 - INFO - Intent=Water Supply conf=0.7541479468345642
2025-08-24 04:08:28,025 - INFO - Extracted slots -> dept: Water Department, location: None, severity: High, name: None, date: 2025-08-24, complaint_id: None, missing: ['location', 'name']
2025-08-24 04:08:28,025 - INFO - Extracted slots={'department': 'Water Department', 'location': None, 'severity': 'High', 'name': None, 'date': '2025-08-24', 'missing_fields': ['location', 'name'], 'complaint_id': None}
2025-08-24 04:08:31,007 - INFO - Inserted complaint id=68aa42e63aacdce640611962 intent=Water Supply conf=0.872
2025-08-24 04:11:07,293 - INFO - Processing transcript: There is a water pipeline broken near Rajiv Chowk ...
2025-08-24 04:11:07,303 - INFO - Detected language=en
2025-08-24 04:11:09,224 - INFO - Intent classified as Water Supply with confidence 0.75
2025-08-24 04:11:09,224 - INFO - Intent=Water Supply conf=0.7541479468345642
2025-08-24 04:11:09,231 - INFO - Extracted slots -> dept: Water Department, location: None, severity: High, name: None, date: 2025-08-24, complaint_id: None, missing: ['location', 'name']
2025-08-24 04:11:09,231 - INFO - Extracted slots={'department': 'Water Department', 'location': None, 'severity': 'High', 'name': None, 'date': '2025-08-24', 'missing_fields': ['location', 'name'], 'complaint_id': None}
2025-08-24 04:11:12,837 - INFO - Inserted complaint id=68aa43873aacdce640611964 intent=Water Supply conf=0.872
2025-08-24 04:30:54,752 - INFO - Zero-shot intent classifier loaded successfully.
2025-08-24 04:30:59,245 - INFO - Summarizer model loaded successfully.
2025-08-24 04:32:29,621 - INFO - Zero-shot intent classifier loaded successfully.
2025-08-24 04:32:34,791 - INFO - Summarizer model loaded successfully.
2025-08-24 04:33:09,530 - INFO - Processing transcript: There is a water pipeline broken near Rajiv Chowk ...
2025-08-24 04:33:09,910 - INFO - Detected language=en
2025-08-24 04:33:13,592 - INFO - Intent classified as Water Supply with confidence 0.75
2025-08-24 04:33:13,593 - INFO - Intent=Water Supply conf=0.7541479468345642
2025-08-24 04:33:13,626 - INFO - Extracted slots -> dept: Water Department, location: None, severity: High, name: None, date: 2025-08-24, complaint_id: None, missing: ['location', 'name']
2025-08-24 04:33:13,626 - INFO - Extracted slots={'department': 'Water Department', 'location': None, 'severity': 'High', 'name': None, 'date': '2025-08-24', 'missing_fields': ['location', 'name'], 'complaint_id': None}
2025-08-24 04:33:16,858 - INFO - Inserted complaint id=68aa48b37f84237ae88a89fd intent=Water Supply conf=0.872
2025-08-24 04:34:30,292 - INFO - Processing transcript: There is a water pipeline broken near Rajiv Chowk ...
2025-08-24 04:34:30,296 - INFO - Detected language=en
2025-08-24 04:34:32,487 - INFO - Intent classified as Water Supply with confidence 0.75
2025-08-24 04:34:32,488 - INFO - Intent=Water Supply conf=0.7541479468345642
2025-08-24 04:34:32,497 - INFO - Extracted slots -> dept: Water Department, location: None, severity: High, name: None, date: 2025-08-24, complaint_id: None, missing: ['location', 'name']
2025-08-24 04:34:32,497 - INFO - Extracted slots={'department': 'Water Department', 'location': None, 'severity': 'High', 'name': None, 'date': '2025-08-24', 'missing_fields': ['location', 'name'], 'complaint_id': None}
2025-08-24 04:34:35,666 - INFO - Inserted complaint id=68aa49027f84237ae88a89ff intent=Water Supply conf=0.872
2025-08-24 04:34:58,858 - INFO - Zero-shot intent classifier loaded successfully.
2025-08-24 04:35:03,723 - INFO - Summarizer model loaded successfully.
2025-08-24 04:35:19,764 - INFO - Processing transcript: There is a water pipeline broken near Rajiv Chowk ...
2025-08-24 04:35:20,181 - INFO - Detected language=en
2025-08-24 04:35:23,748 - INFO - Intent classified as Water Supply with confidence 0.75
2025-08-24 04:35:23,748 - INFO - Intent=Water Supply conf=0.7541479468345642
2025-08-24 04:35:23,783 - INFO - Extracted slots -> dept: Water Department, location: Rajiv Chowk, severity: High, name: None, date: 2025-08-24, complaint_id: None, missing: ['name']
2025-08-24 04:35:23,783 - INFO - Extracted slots={'department': 'Water Department', 'location': 'Rajiv Chowk', 'severity': 'High', 'name': None, 'date': '2025-08-24', 'missing_fields': ['name'], 'complaint_id': None}
2025-08-24 04:35:26,895 - INFO - Inserted complaint id=68aa49361af3b7319a58b916 intent=Water Supply conf=0.872
2025-08-24 04:40:18,422 - INFO - Processing transcript: There is a water pipeline broken near Rajiv Chowk ...
2025-08-24 04:40:18,426 - INFO - Detected language=en
2025-08-24 04:40:20,234 - INFO - Intent classified as Water Supply with confidence 0.75
2025-08-24 04:40:20,234 - INFO - Intent=Water Supply conf=0.7541479468345642
2025-08-24 04:40:20,240 - INFO - Extracted slots -> dept: Water Department, location: Rajiv Chowk, severity: High, name: None, date: 2025-08-24, complaint_id: None, missing: ['name']
2025-08-24 04:40:20,240 - INFO - Extracted slots={'department': 'Water Department', 'location': 'Rajiv Chowk', 'severity': 'High', 'name': None, 'date': '2025-08-24', 'missing_fields': ['name'], 'complaint_id': None}
2025-08-24 04:40:22,956 - INFO - Inserted complaint id=68aa4a5d1af3b7319a58b918 intent=Water Supply conf=0.872
2025-08-24 04:40:58,067 - INFO - Processing transcript: There is a water pipeline broken near Tilak Nagar ...
2025-08-24 04:40:58,072 - INFO - Detected language=en
2025-08-24 04:40:59,912 - INFO - Intent classified as Water Supply with confidence 0.79
2025-08-24 04:40:59,912 - INFO - Intent=Water Supply conf=0.7909590601921082
2025-08-24 04:40:59,919 - INFO - Extracted slots -> dept: Water Department, location: Tilak Nagar, severity: High, name: Tilak Nagar, date: 2025-08-24, complaint_id: None, missing: []
2025-08-24 04:40:59,919 - INFO - Extracted slots={'department': 'Water Department', 'location': 'Tilak Nagar', 'severity': 'High', 'name': 'Tilak Nagar', 'date': '2025-08-24', 'missing_fields': [], 'complaint_id': None}
2025-08-24 04:41:02,308 - INFO - Inserted complaint id=68aa4a851af3b7319a58b91a intent=Water Supply conf=0.886
2025-08-24 04:47:15,431 - INFO - Zero-shot intent classifier loaded successfully.
2025-08-24 04:47:20,431 - INFO - Summarizer model loaded successfully.
2025-08-24 04:58:16,814 - INFO - Zero-shot intent classifier loaded successfully.
2025-08-24 04:58:21,801 - INFO - Summarizer model loaded successfully.
2025-08-24 05:00:40,862 - INFO - Zero-shot intent classifier loaded successfully.
2025-08-24 05:00:46,360 - INFO - Summarizer model loaded successfully.
2025-08-24 05:00:59,271 - INFO - Zero-shot intent classifier loaded successfully.
2025-08-24 05:01:03,238 - INFO - Summarizer model loaded successfully.
2025-08-24 05:02:00,755 - INFO - Zero-shot intent classifier loaded successfully.
2025-08-24 05:02:15,450 - INFO - Zero-shot intent classifier loaded successfully.
2025-08-24 05:02:22,190 - INFO - Summarizer model loaded successfully.
2025-08-24 05:02:29,697 - INFO - Processing transcript: There is a water pipeline broken near Tilak Nagar ...
2025-08-24 05:02:30,152 - INFO - Detected language=en
2025-08-24 05:02:34,291 - INFO - Intent classified as Water Supply with confidence 0.79
2025-08-24 05:02:34,292 - INFO - Intent=Water Supply conf=0.7909590601921082
2025-08-24 05:02:34,322 - INFO - Extracted slots -> dept: Water Department, location: Tilak Nagar, severity: High, name: Tilak Nagar, date: 2025-08-24, complaint_id: None, missing: []
2025-08-24 05:02:34,322 - INFO - Extracted slots={'department': 'Water Department', 'location': 'Tilak Nagar', 'severity': 'High', 'name': 'Tilak Nagar', 'date': '2025-08-24', 'missing_fields': [], 'complaint_id': None}
2025-08-24 05:02:37,735 - INFO - Inserted complaint id=68aa4f9457cfcc5123112130 intent=Water Supply conf=0.886
2025-08-24 05:10:13,795 - INFO - Zero-shot intent classifier loaded successfully.
2025-08-24 05:10:18,094 - INFO - Summarizer model loaded successfully.
2025-08-24 05:11:32,839 - INFO - Zero-shot intent classifier loaded successfully.
2025-08-24 05:11:39,217 - INFO - Zero-shot intent classifier loaded successfully.
2025-08-24 05:11:43,065 - INFO - Summarizer model loaded successfully.
2025-08-24 05:12:09,080 - INFO - Zero-shot intent classifier loaded successfully.
2025-08-24 05:12:13,028 - INFO - Summarizer model loaded successfully.
2025-08-24 05:56:30,922 - INFO - Zero-shot intent classifier loaded successfully.
2025-08-24 05:56:38,107 - INFO - Summarizer model loaded successfully.
2025-08-24 06:04:38,186 - INFO - Zero-shot intent classifier loaded successfully.
2025-08-24 06:04:43,242 - INFO - Summarizer model loaded successfully.
2025-08-24 06:09:04,210 - INFO - Zero-shot intent classifier loaded successfully.
2025-08-24 06:09:10,232 - INFO - Summarizer model loaded successfully.
2025-08-24 06:10:11,364 - INFO - Intent classified as Water Supply with confidence 0.74
2025-08-24 06:10:11,417 - INFO - Extracted slots -> dept: Water Department, location: Rajiv Chowk, severity: High, name: None, date: 2025-08-24, complaint_id: None, missing: ['name']
2025-08-24 06:10:14,877 - INFO - Inserted complaint id=68aa5f6e957eb3676c375db3 intent=Water Supply conf=0.738
2025-08-24 06:13:10,370 - INFO - Processing transcript: There is a water pipeline broken near Tilak Nagar ...
2025-08-24 06:13:10,378 - INFO - Detected language=en
2025-08-24 06:13:13,587 - INFO - Intent classified as Water Supply with confidence 0.79
2025-08-24 06:13:13,587 - INFO - Intent=Water Supply conf=0.7909590601921082
2025-08-24 06:13:13,598 - INFO - Extracted slots -> dept: Water Department, location: Tilak Nagar, severity: High, name: Tilak Nagar, date: 2025-08-24, complaint_id: None, missing: []
2025-08-24 06:13:13,599 - INFO - Extracted slots={'department': 'Water Department', 'location': 'Tilak Nagar', 'severity': 'High', 'name': 'Tilak Nagar', 'date': '2025-08-24', 'missing_fields': [], 'complaint_id': None}
2025-08-24 06:13:16,775 - INFO - Inserted complaint id=68aa6023957eb3676c375db5 intent=Water Supply conf=0.886
2025-08-24 06:45:37,992 - INFO - Processing transcript: There is a water pipeline broken near Tilak Nagar ...
2025-08-24 06:45:38,018 - INFO - Detected language=en
2025-08-24 06:45:40,485 - INFO - Intent classified as Water Supply with confidence 0.79
2025-08-24 06:45:40,486 - INFO - Intent=Water Supply conf=0.7909590601921082
2025-08-24 06:45:40,508 - INFO - Extracted slots -> dept: Water Department, location: Tilak Nagar, severity: High, name: Tilak Nagar, date: 2025-08-24, complaint_id: None, missing: []
2025-08-24 06:45:40,508 - INFO - Extracted slots={'department': 'Water Department', 'location': 'Tilak Nagar', 'severity': 'High', 'name': 'Tilak Nagar', 'date': '2025-08-24', 'missing_fields': [], 'complaint_id': None}
2025-08-24 06:45:43,721 - INFO - Inserted complaint id=68aa67be957eb3676c375db7 intent=Water Supply conf=0.886
2025-08-24 06:51:12,658 - INFO - Intent classified as Water Supply with confidence 0.74
2025-08-24 06:51:12,668 - INFO - Extracted slots -> dept: Water Department, location: Rajiv Chowk, severity: High, name: None, date: 2025-08-24, complaint_id: None, missing: ['name']
2025-08-24 06:51:15,358 - INFO - Inserted complaint id=68aa690a957eb3676c375db9 intent=Water Supply conf=0.738
2025-08-24 06:52:13,489 - INFO - Intent classified as Water Supply with confidence 0.77
2025-08-24 06:52:13,500 - INFO - Extracted slots -> dept: Water Department, location: Navlakha, severity: High, name: None, date: 2025-08-24, complaint_id: None, missing: ['name']
2025-08-24 06:52:15,815 - INFO - Inserted complaint id=68aa6947957eb3676c375dbb intent=Water Supply conf=0.771
2025-08-25 04:00:34,946 - INFO - Zero-shot intent classifier loaded successfully.
2025-08-25 04:00:39,532 - INFO - Summarizer model loaded successfully.
2025-08-25 04:01:00,789 - INFO - Intent classified as Water Supply with confidence 0.60
2025-08-25 04:01:00,805 - INFO - Extracted slots -> dept: Water Department, location: Annapurna, severity: High, name: None, date: two days, complaint_id: None, missing: ['name']
2025-08-25 04:01:04,960 - INFO - Inserted complaint id=68ab92a7bb72581ce56c1181 intent=Water Supply conf=0.596
2025-08-25 04:16:08,142 - INFO - Zero-shot intent classifier loaded successfully.
2025-08-25 04:16:17,733 - INFO - Summarizer model loaded successfully.
2025-08-25 04:16:34,093 - INFO - Zero-shot intent classifier loaded successfully.
2025-08-25 04:16:41,367 - INFO - Summarizer model loaded successfully.
2025-08-25 04:16:52,112 - INFO - Zero-shot intent classifier loaded successfully.
2025-08-25 04:17:00,200 - INFO - Zero-shot intent classifier loaded successfully.
2025-08-25 04:17:05,648 - INFO - Summarizer model loaded successfully.
2025-08-25 04:17:44,092 - INFO - Zero-shot intent classifier loaded successfully.
2025-08-25 04:17:48,749 - INFO - Summarizer model loaded successfully.
2025-08-25 04:20:51,408 - INFO - Zero-shot intent classifier loaded successfully.
2025-08-25 04:20:58,968 - INFO - Zero-shot intent classifier loaded successfully.
2025-08-25 04:21:03,122 - INFO - Summarizer model loaded successfully.
2025-08-25 04:21:14,440 - INFO - Intent classified as Water Supply with confidence 0.60
2025-08-25 04:21:14,477 - INFO - Extracted slots -> dept: Water Department, location: Annapurna, severity: High, name: None, date: two days, complaint_id: None, missing: ['name']
2025-08-25 04:21:17,570 - INFO - Inserted complaint id=68ab9765fc91301b7116d374 intent=Water Supply conf=0.596
2025-08-25 04:23:54,431 - INFO - Zero-shot intent classifier loaded successfully.
2025-08-25 04:23:58,465 - INFO - Summarizer model loaded successfully.
2025-08-25 04:24:22,145 - INFO - Zero-shot intent classifier loaded successfully.
2025-08-25 04:24:25,743 - INFO - Summarizer model loaded successfully.
2025-08-25 04:27:46,462 - INFO - Zero-shot intent classifier loaded successfully.
2025-08-25 04:27:50,892 - INFO - Summarizer model loaded successfully.
2025-08-25 04:35:06,354 - INFO - Zero-shot intent classifier loaded successfully.
2025-08-25 04:35:10,941 - INFO - Summarizer model loaded successfully.
2025-08-25 04:35:27,522 - INFO - Zero-shot intent classifier loaded successfully.
2025-08-25 04:35:34,398 - INFO - Summarizer model loaded successfully.
2025-08-25 04:35:41,744 - INFO - Intent classified as GetStatus with confidence 0.21
2025-08-25 04:35:41,800 - INFO - Extracted slots -> dept: General, location: Swara, severity: Low, name: None, date: 2025-08-25, complaint_id: None, missing: ['name', 'complaint_id']
2025-08-25 04:35:56,120 - INFO - Intent classified as Thanks with confidence 0.39
2025-08-25 04:35:56,640 - INFO - Extracted slots -> dept: General, location: Sudama Nagar, severity: Medium, name: Swara, date: 2025-08-25, complaint_id: None, missing: []
2025-08-25 04:36:14,775 - INFO - Intent classified as GetStatus with confidence 0.18
2025-08-25 04:36:14,795 - INFO - Extracted slots -> dept: General, location: None, severity: Low, name: None, date: 2025-08-25, complaint_id: None, missing: ['location', 'name', 'complaint_id']
2025-08-25 04:36:22,946 - INFO - Intent classified as Water Supply with confidence 0.46
2025-08-25 04:36:22,962 - INFO - Extracted slots -> dept: Water Department, location: Sudama Nagar, severity: Low, name: Sudama Nagar, date: 2025-08-25, complaint_id: None, missing: []
2025-08-25 04:36:28,281 - INFO - Intent classified as ComplaintHistory with confidence 0.16
2025-08-25 04:36:28,292 - INFO - Extracted slots -> dept: General, location: Khajrana, severity: Low, name: Swara, date: 2025-08-25, complaint_id: None, missing: []
2025-08-25 04:36:36,769 - INFO - Intent classified as Water Supply with confidence 0.39
2025-08-25 04:36:36,782 - INFO - Extracted slots -> dept: Water Department, location: Sudama Nagar, severity: Low, name: Sudama Nagar, date: 2025-08-25, complaint_id: None, missing: []
2025-08-25 04:36:43,194 - INFO - Intent classified as Other with confidence 0.34
2025-08-25 04:36:43,205 - INFO - Extracted slots -> dept: General, location: Hindi, severity: Low, name: None, date: 2025-08-25, complaint_id: None, missing: ['name']
2025-08-25 04:37:14,189 - INFO - Zero-shot intent classifier loaded successfully.
2025-08-25 04:37:18,805 - INFO - Summarizer model loaded successfully.
2025-08-25 04:37:24,369 - INFO - Intent classified as GetStatus with confidence 0.21
2025-08-25 04:37:24,387 - INFO - Extracted slots -> dept: General, location: Swara, severity: Low, name: None, date: 2025-08-25, complaint_id: None, missing: ['name', 'complaint_id']
2025-08-25 04:37:37,179 - INFO - Intent classified as Thanks with confidence 0.39
2025-08-25 04:37:37,210 - INFO - Extracted slots -> dept: General, location: Sudama Nagar, severity: Medium, name: Swara, date: 2025-08-25, complaint_id: None, missing: []
2025-08-25 04:37:56,058 - INFO - Intent classified as GetStatus with confidence 0.18
2025-08-25 04:37:56,117 - INFO - Extracted slots -> dept: General, location: None, severity: Low, name: None, date: 2025-08-25, complaint_id: None, missing: ['location', 'name', 'complaint_id']
2025-08-28 14:11:01,369 - INFO - Zero-shot intent classifier loaded successfully.
2025-08-28 14:18:59,490 - INFO - Zero-shot intent classifier loaded successfully.
2025-08-28 14:20:04,168 - INFO - Zero-shot intent classifier loaded successfully.
2025-08-28 14:20:10,886 - INFO - Summarizer model loaded successfully.
2025-08-28 14:20:32,460 - INFO - Intent classified as GetStatus with confidence 0.21
2025-08-28 14:20:32,516 - INFO - Extracted slots -> dept: General, location: Swara, severity: Low, name: None, date: 2025-08-28, complaint_id: None, missing: ['name', 'complaint_id']
2025-08-28 14:20:48,495 - INFO - Intent classified as Thanks with confidence 0.39
2025-08-28 14:20:48,531 - INFO - Extracted slots -> dept: General, location: Sudama Nagar, severity: Medium, name: Swara, date: 2025-08-28, complaint_id: None, missing: []
2025-08-29 16:16:02,257 - INFO - Zero-shot intent classifier loaded successfully.
2025-08-29 16:17:23,836 - INFO - Summarizer model loaded successfully.
2025-08-30 14:44:02,125 - INFO - Zero-shot intent classifier loaded successfully.
2025-08-30 14:44:17,117 - INFO - Summarizer model loaded successfully.
2025-08-30 14:51:46,334 - INFO - Zero-shot intent classifier loaded successfully.
2025-08-30 14:51:52,249 - INFO - Summarizer model loaded successfully.
2025-08-30 14:52:14,622 - INFO - Intent classified as GetStatus with confidence 0.21
2025-08-30 14:52:14,678 - INFO - Extracted slots -> dept: General, location: Swara, severity: Low, name: None, date: 2025-08-30, complaint_id: None, missing: ['name', 'complaint_id']
2025-08-30 14:52:34,472 - INFO - Intent classified as Thanks with confidence 0.39
2025-08-30 14:52:34,512 - INFO - Extracted slots -> dept: General, location: Sudama Nagar, severity: Medium, name: Swara, date: 2025-08-30, complaint_id: None, missing: []
2025-08-30 14:52:48,634 - INFO - Intent classified as GetStatus with confidence 0.18
2025-08-30 14:52:48,647 - INFO - Extracted slots -> dept: General, location: None, severity: Low, name: None, date: 2025-08-30, complaint_id: None, missing: ['location', 'name', 'complaint_id']
2025-08-30 14:53:02,846 - INFO - Intent classified as Water Supply with confidence 0.46
2025-08-30 14:53:02,861 - INFO - Extracted slots -> dept: Water Department, location: Sudama Nagar, severity: Low, name: Sudama Nagar, date: 2025-08-30, complaint_id: None, missing: []
2025-08-30 14:53:13,387 - INFO - Intent classified as ComplaintHistory with confidence 0.16
2025-08-30 14:53:13,397 - INFO - Extracted slots -> dept: General, location: Khajrana, severity: Low, name: Swara, date: 2025-08-30, complaint_id: None, missing: []
2025-08-30 14:53:23,925 - INFO - Intent classified as Water Supply with confidence 0.39
2025-08-30 14:53:23,936 - INFO - Extracted slots -> dept: Water Department, location: Sudama Nagar, severity: Low, name: Sudama Nagar, date: 2025-08-30, complaint_id: None, missing: []
2025-08-30 14:53:33,372 - INFO - Intent classified as Other with confidence 0.34
2025-08-30 14:53:33,381 - INFO - Extracted slots -> dept: General, location: Hindi, severity: Low, name: None, date: 2025-08-30, complaint_id: None, missing: ['name']
2025-08-30 14:53:42,739 - INFO - Intent classified as Water Supply with confidence 0.28
2025-08-30 14:53:42,746 - INFO - Extracted slots -> dept: Water Department, location: Sudama Nagar, severity: Low, name: Sudama Nagar, date: 2025-08-30, complaint_id: None, missing: []
2025-08-30 14:53:51,843 - INFO - Intent classified as Other with confidence 0.20
2025-08-30 14:53:51,851 - INFO - Extracted slots -> dept: General, location: None, severity: Low, name: None, date: 2025-08-30, complaint_id: None, missing: ['location', 'name']
2025-08-30 14:54:00,701 - INFO - Intent classified as Other with confidence 0.25
2025-08-30 14:54:00,711 - INFO - Extracted slots -> dept: General, location: None, severity: Low, name: Swara, date: 2025-08-30, complaint_id: None, missing: ['location']
2025-08-30 14:54:09,769 - INFO - Intent classified as GetStatus with confidence 0.16
2025-08-30 14:54:09,776 - INFO - Extracted slots -> dept: General, location: None, severity: Low, name: Swara, date: 2025-08-30, complaint_id: None, missing: ['location', 'complaint_id']
2025-08-30 14:54:19,323 - INFO - Intent classified as Greetings with confidence 0.20
2025-08-30 14:54:19,334 - INFO - Extracted slots -> dept: General, location: Hindi, severity: Low, name: None, date: 2025-08-30, complaint_id: None, missing: ['name']
2025-08-30 14:54:29,470 - INFO - Intent classified as Other with confidence 0.24
2025-08-30 14:54:29,479 - INFO - Extracted slots -> dept: General, location: None, severity: Low, name: Swara, date: 2025-08-30, complaint_id: None, missing: ['location']
2025-08-30 14:54:39,652 - INFO - Intent classified as Other with confidence 0.44
2025-08-30 14:54:39,662 - INFO - Extracted slots -> dept: General, location: None, severity: Low, name: Hindi, date: 2025-08-30, complaint_id: None, missing: ['location']
2025-08-30 14:54:52,652 - INFO - Intent classified as Electricity with confidence 0.55
2025-08-30 14:54:52,680 - INFO - Extracted slots -> dept: Electrical, location: Bijalpur, severity: Low, name: None, date: 2025-08-30, complaint_id: None, missing: ['name']
2025-08-30 14:55:05,833 - INFO - Intent classified as GetStatus with confidence 0.14
2025-08-30 14:55:05,843 - INFO - Extracted slots -> dept: General, location: None, severity: Low, name: Harsh, date: 2025-08-30, complaint_id: None, missing: ['location', 'complaint_id']
2025-08-30 14:55:17,588 - INFO - Intent classified as Electricity with confidence 0.44
2025-08-30 14:55:17,596 - INFO - Extracted slots -> dept: Electrical, location: None, severity: Low, name: None, date: 2025-08-30, complaint_id: None, missing: ['location', 'name']
2025-08-30 14:55:28,980 - INFO - Intent classified as Road with confidence 0.22
2025-08-30 14:55:28,989 - INFO - Extracted slots -> dept: Public Works, location: None, severity: Low, name: None, date: 2025-08-30, complaint_id: None, missing: ['location', 'name']
2025-08-30 14:55:42,773 - INFO - Intent classified as Electricity with confidence 0.46
2025-08-30 14:55:42,785 - INFO - Extracted slots -> dept: Electrical, location: None, severity: Low, name: Prakhar Patni, date: 2025-08-30, complaint_id: None, missing: ['location']
2025-08-30 14:55:53,329 - INFO - Intent classified as Other with confidence 0.21
2025-08-30 14:55:53,340 - INFO - Extracted slots -> dept: General, location: None, severity: Low, name: None, date: 2025-08-30, complaint_id: None, missing: ['location', 'name']
2025-08-30 14:56:04,668 - INFO - Intent classified as Electricity with confidence 0.40
2025-08-30 14:56:04,680 - INFO - Extracted slots -> dept: Electrical, location: Khajrana, severity: Low, name: Khajrana, date: 2025-08-30, complaint_id: None, missing: []
2025-08-30 14:56:15,827 - INFO - Intent classified as Electricity with confidence 0.32
2025-08-30 14:56:15,842 - INFO - Extracted slots -> dept: Electrical, location: None, severity: Low, name: Male Chaudhary, date: 2025-08-30, complaint_id: None, missing: ['location']
2025-08-30 14:56:26,307 - INFO - Intent classified as Other with confidence 0.19
2025-08-30 14:56:26,317 - INFO - Extracted slots -> dept: General, location: None, severity: Low, name: None, date: 2025-08-30, complaint_id: None, missing: ['location', 'name']
2025-08-30 14:56:37,816 - INFO - Intent classified as Other with confidence 0.27
2025-08-30 14:56:37,827 - INFO - Extracted slots -> dept: General, location: None, severity: Low, name: Swara, date: 2025-08-30, complaint_id: None, missing: ['location']
2025-08-30 14:56:52,475 - INFO - Intent classified as Water Supply with confidence 0.28
2025-08-30 14:56:52,488 - INFO - Extracted slots -> dept: Water Department, location: Sudama Nagar, severity: Low, name: Sudama Nagar, date: 2025-08-30, complaint_id: None, missing: []
2025-08-30 14:57:05,690 - INFO - Intent classified as Electricity with confidence 0.17
2025-08-30 14:57:05,705 - INFO - Extracted slots -> dept: Electrical, location: Sudama Nagar, severity: Medium, name: Nikunj Maltare, date: 2025-08-30, complaint_id: None, missing: []
2025-08-30 14:57:19,732 - INFO - Intent classified as ComplaintHistory with confidence 0.16
2025-08-30 14:57:19,744 - INFO - Extracted slots -> dept: General, location: Hindi, severity: Low, name: None, date: 2025-08-30, complaint_id: None, missing: ['name']
2025-08-30 14:57:32,127 - INFO - Intent classified as Water Supply with confidence 0.36
2025-08-30 14:57:32,139 - INFO - Extracted slots -> dept: Water Department, location: Sudama Nagar, severity: Low, name: Nikunj Maltare, date: 2025-08-30, complaint_id: None, missing: []
2025-08-30 14:57:43,299 - INFO - Intent classified as Greetings with confidence 0.25
2025-08-30 14:57:43,310 - INFO - Extracted slots -> dept: General, location: None, severity: Low, name: Swara, date: 2025-08-30, complaint_id: None, missing: ['location']
2025-08-30 14:57:54,951 - INFO - Intent classified as Other with confidence 0.24
2025-08-30 14:57:54,966 - INFO - Extracted slots -> dept: General, location: Hindi, severity: Low, name: Swara, date: 2025-08-30, complaint_id: None, missing: []
2025-08-30 14:58:07,736 - INFO - Intent classified as Other with confidence 0.23
2025-08-30 14:58:07,756 - INFO - Extracted slots -> dept: General, location: Bhawarkua, severity: Low, name: None, date: 2025-08-30, complaint_id: None, missing: ['name']
2025-08-30 14:58:08,022 - INFO - Zero-shot intent classifier loaded successfully.
2025-08-30 14:58:15,440 - INFO - Summarizer model loaded successfully.
2025-08-30 14:58:19,295 - INFO - Intent classified as Road with confidence 0.29
2025-08-30 14:58:19,321 - INFO - Extracted slots -> dept: Public Works, location: None, severity: Low, name: None, date: 2025-08-30, complaint_id: None, missing: ['location', 'name']
2025-08-30 14:58:28,923 - INFO - Intent classified as Other with confidence 0.19
2025-08-30 14:58:28,933 - INFO - Extracted slots -> dept: General, location: None, severity: Low, name: None, date: 2025-08-30, complaint_id: None, missing: ['location', 'name']
2025-08-30 14:58:42,721 - INFO - Intent classified as Other with confidence 0.17
2025-08-30 14:58:42,764 - INFO - Extracted slots -> dept: General, location: None, severity: Low, name: None, date: 2025-08-30, complaint_id: None, missing: ['location', 'name']
2025-08-30 15:15:19,167 - INFO - Zero-shot intent classifier loaded successfully.
2025-08-30 15:15:23,487 - INFO - Summarizer model loaded successfully.
2025-08-30 16:22:22,631 - INFO - Zero-shot intent classifier loaded successfully.
2025-08-30 16:22:28,151 - INFO - Summarizer model loaded successfully.
